<?xml version="1.0" encoding="UTF-8"?>
<testsuite xmlns:xsi="http://www.w3.org/2001/XMLSchema-instance" xsi:noNamespaceSchemaLocation="https://maven.apache.org/surefire/maven-surefire-plugin/xsd/surefire-test-report.xsd" name="br.com.alura.linguagens.api.LinguagensApiApplicationTests" time="12.381" tests="1" errors="0" skipped="0" failures="0">
  <properties>
    <property name="java.specification.version" value="17"/>
    <property name="sun.cpu.isalist" value="amd64"/>
    <property name="sun.jnu.encoding" value="Cp1252"/>
    <property name="java.class.path" value="C:\Users\jorge\Desktop\Alura-projetos\linguagens-api\target\test-classes;C:\Users\jorge\Desktop\Alura-projetos\linguagens-api\target\classes;C:\Users\jorge\.m2\repository\org\springframework\boot\spring-boot-starter-web\3.0.0-M3\spring-boot-starter-web-3.0.0-M3.jar;C:\Users\jorge\.m2\repository\org\springframework\boot\spring-boot-starter\3.0.0-M3\spring-boot-starter-3.0.0-M3.jar;C:\Users\jorge\.m2\repository\org\springframework\boot\spring-boot\3.0.0-M3\spring-boot-3.0.0-M3.jar;C:\Users\jorge\.m2\repository\org\springframework\boot\spring-boot-autoconfigure\3.0.0-M3\spring-boot-autoconfigure-3.0.0-M3.jar;C:\Users\jorge\.m2\repository\org\springframework\boot\spring-boot-starter-logging\3.0.0-M3\spring-boot-starter-logging-3.0.0-M3.jar;C:\Users\jorge\.m2\repository\ch\qos\logback\logback-classic\1.2.11\logback-classic-1.2.11.jar;C:\Users\jorge\.m2\repository\ch\qos\logback\logback-core\1.2.11\logback-core-1.2.11.jar;C:\Users\jorge\.m2\repository\org\apache\logging\log4j\log4j-to-slf4j\2.17.2\log4j-to-slf4j-2.17.2.jar;C:\Users\jorge\.m2\repository\org\apache\logging\log4j\log4j-api\2.17.2\log4j-api-2.17.2.jar;C:\Users\jorge\.m2\repository\org\slf4j\jul-to-slf4j\1.7.36\jul-to-slf4j-1.7.36.jar;C:\Users\jorge\.m2\repository\jakarta\annotation\jakarta.annotation-api\2.0.0\jakarta.annotation-api-2.0.0.jar;C:\Users\jorge\.m2\repository\org\yaml\snakeyaml\1.30\snakeyaml-1.30.jar;C:\Users\jorge\.m2\repository\org\springframework\boot\spring-boot-starter-json\3.0.0-M3\spring-boot-starter-json-3.0.0-M3.jar;C:\Users\jorge\.m2\repository\com\fasterxml\jackson\core\jackson-databind\2.13.3\jackson-databind-2.13.3.jar;C:\Users\jorge\.m2\repository\com\fasterxml\jackson\core\jackson-annotations\2.13.3\jackson-annotations-2.13.3.jar;C:\Users\jorge\.m2\repository\com\fasterxml\jackson\core\jackson-core\2.13.3\jackson-core-2.13.3.jar;C:\Users\jorge\.m2\repository\com\fasterxml\jackson\datatype\jackson-datatype-jdk8\2.13.3\jackson-datatype-jdk8-2.13.3.jar;C:\Users\jorge\.m2\repository\com\fasterxml\jackson\datatype\jackson-datatype-jsr310\2.13.3\jackson-datatype-jsr310-2.13.3.jar;C:\Users\jorge\.m2\repository\com\fasterxml\jackson\module\jackson-module-parameter-names\2.13.3\jackson-module-parameter-names-2.13.3.jar;C:\Users\jorge\.m2\repository\org\springframework\boot\spring-boot-starter-tomcat\3.0.0-M3\spring-boot-starter-tomcat-3.0.0-M3.jar;C:\Users\jorge\.m2\repository\org\apache\tomcat\embed\tomcat-embed-core\10.0.21\tomcat-embed-core-10.0.21.jar;C:\Users\jorge\.m2\repository\org\apache\tomcat\embed\tomcat-embed-el\10.0.21\tomcat-embed-el-10.0.21.jar;C:\Users\jorge\.m2\repository\org\apache\tomcat\embed\tomcat-embed-websocket\10.0.21\tomcat-embed-websocket-10.0.21.jar;C:\Users\jorge\.m2\repository\org\springframework\spring-web\6.0.0-M4\spring-web-6.0.0-M4.jar;C:\Users\jorge\.m2\repository\org\springframework\spring-beans\6.0.0-M4\spring-beans-6.0.0-M4.jar;C:\Users\jorge\.m2\repository\org\springframework\spring-webmvc\6.0.0-M4\spring-webmvc-6.0.0-M4.jar;C:\Users\jorge\.m2\repository\org\springframework\spring-aop\6.0.0-M4\spring-aop-6.0.0-M4.jar;C:\Users\jorge\.m2\repository\org\springframework\spring-context\6.0.0-M4\spring-context-6.0.0-M4.jar;C:\Users\jorge\.m2\repository\org\springframework\spring-expression\6.0.0-M4\spring-expression-6.0.0-M4.jar;C:\Users\jorge\.m2\repository\org\springframework\boot\spring-boot-starter-data-mongodb\3.0.0-M3\spring-boot-starter-data-mongodb-3.0.0-M3.jar;C:\Users\jorge\.m2\repository\org\mongodb\mongodb-driver-sync\4.6.0\mongodb-driver-sync-4.6.0.jar;C:\Users\jorge\.m2\repository\org\mongodb\bson\4.6.0\bson-4.6.0.jar;C:\Users\jorge\.m2\repository\org\mongodb\mongodb-driver-core\4.6.0\mongodb-driver-core-4.6.0.jar;C:\Users\jorge\.m2\repository\org\mongodb\bson-record-codec\4.6.0\bson-record-codec-4.6.0.jar;C:\Users\jorge\.m2\repository\org\springframework\data\spring-data-mongodb\4.0.0-M4\spring-data-mongodb-4.0.0-M4.jar;C:\Users\jorge\.m2\repository\org\springframework\spring-tx\6.0.0-M4\spring-tx-6.0.0-M4.jar;C:\Users\jorge\.m2\repository\org\springframework\data\spring-data-commons\3.0.0-M4\spring-data-commons-3.0.0-M4.jar;C:\Users\jorge\.m2\repository\org\slf4j\slf4j-api\1.7.36\slf4j-api-1.7.36.jar;C:\Users\jorge\.m2\repository\org\springframework\boot\spring-boot-starter-test\3.0.0-M3\spring-boot-starter-test-3.0.0-M3.jar;C:\Users\jorge\.m2\repository\org\springframework\boot\spring-boot-test\3.0.0-M3\spring-boot-test-3.0.0-M3.jar;C:\Users\jorge\.m2\repository\org\springframework\boot\spring-boot-test-autoconfigure\3.0.0-M3\spring-boot-test-autoconfigure-3.0.0-M3.jar;C:\Users\jorge\.m2\repository\com\jayway\jsonpath\json-path\2.7.0\json-path-2.7.0.jar;C:\Users\jorge\.m2\repository\net\minidev\json-smart\2.4.8\json-smart-2.4.8.jar;C:\Users\jorge\.m2\repository\net\minidev\accessors-smart\2.4.8\accessors-smart-2.4.8.jar;C:\Users\jorge\.m2\repository\org\ow2\asm\asm\9.1\asm-9.1.jar;C:\Users\jorge\.m2\repository\jakarta\xml\bind\jakarta.xml.bind-api\3.0.1\jakarta.xml.bind-api-3.0.1.jar;C:\Users\jorge\.m2\repository\com\sun\activation\jakarta.activation\2.0.1\jakarta.activation-2.0.1.jar;C:\Users\jorge\.m2\repository\org\assertj\assertj-core\3.22.0\assertj-core-3.22.0.jar;C:\Users\jorge\.m2\repository\org\hamcrest\hamcrest\2.2\hamcrest-2.2.jar;C:\Users\jorge\.m2\repository\org\junit\jupiter\junit-jupiter\5.8.2\junit-jupiter-5.8.2.jar;C:\Users\jorge\.m2\repository\org\junit\jupiter\junit-jupiter-api\5.8.2\junit-jupiter-api-5.8.2.jar;C:\Users\jorge\.m2\repository\org\opentest4j\opentest4j\1.2.0\opentest4j-1.2.0.jar;C:\Users\jorge\.m2\repository\org\junit\platform\junit-platform-commons\1.8.2\junit-platform-commons-1.8.2.jar;C:\Users\jorge\.m2\repository\org\apiguardian\apiguardian-api\1.1.2\apiguardian-api-1.1.2.jar;C:\Users\jorge\.m2\repository\org\junit\jupiter\junit-jupiter-params\5.8.2\junit-jupiter-params-5.8.2.jar;C:\Users\jorge\.m2\repository\org\junit\jupiter\junit-jupiter-engine\5.8.2\junit-jupiter-engine-5.8.2.jar;C:\Users\jorge\.m2\repository\org\junit\platform\junit-platform-engine\1.8.2\junit-platform-engine-1.8.2.jar;C:\Users\jorge\.m2\repository\org\mockito\mockito-core\4.5.1\mockito-core-4.5.1.jar;C:\Users\jorge\.m2\repository\net\bytebuddy\byte-buddy\1.12.10\byte-buddy-1.12.10.jar;C:\Users\jorge\.m2\repository\net\bytebuddy\byte-buddy-agent\1.12.10\byte-buddy-agent-1.12.10.jar;C:\Users\jorge\.m2\repository\org\objenesis\objenesis\3.2\objenesis-3.2.jar;C:\Users\jorge\.m2\repository\org\mockito\mockito-junit-jupiter\4.5.1\mockito-junit-jupiter-4.5.1.jar;C:\Users\jorge\.m2\repository\org\skyscreamer\jsonassert\1.5.0\jsonassert-1.5.0.jar;C:\Users\jorge\.m2\repository\com\vaadin\external\google\android-json\0.0.20131108.vaadin1\android-json-0.0.20131108.vaadin1.jar;C:\Users\jorge\.m2\repository\org\springframework\spring-core\6.0.0-M4\spring-core-6.0.0-M4.jar;C:\Users\jorge\.m2\repository\org\springframework\spring-jcl\6.0.0-M4\spring-jcl-6.0.0-M4.jar;C:\Users\jorge\.m2\repository\org\springframework\spring-test\6.0.0-M4\spring-test-6.0.0-M4.jar;C:\Users\jorge\.m2\repository\org\xmlunit\xmlunit-core\2.9.0\xmlunit-core-2.9.0.jar;"/>
    <property name="java.vm.vendor" value="Azul Systems, Inc."/>
    <property name="sun.arch.data.model" value="64"/>
    <property name="user.variant" value=""/>
    <property name="java.vendor.url" value="http://www.azul.com/"/>
    <property name="user.timezone" value="GMT-03:00"/>
    <property name="os.name" value="Windows 10"/>
    <property name="java.vm.specification.version" value="17"/>
    <property name="sun.java.launcher" value="SUN_STANDARD"/>
    <property name="user.country" value="BR"/>
    <property name="sun.boot.library.path" value="C:\Program Files\Java\zulu17.34.19-ca-jdk17.0.3-win_x64\bin"/>
    <property name="sun.java.command" value="C:\Users\jorge\AppData\Local\Temp\surefire9622792816943478088\surefirebooter9155026718740226923.jar C:\Users\jorge\AppData\Local\Temp\surefire9622792816943478088 2022-07-24T01-41-26_409-jvmRun1 surefire14441443020950513688tmp surefire_05823254299599003742tmp"/>
    <property name="jdk.debug" value="release"/>
    <property name="surefire.test.class.path" value="C:\Users\jorge\Desktop\Alura-projetos\linguagens-api\target\test-classes;C:\Users\jorge\Desktop\Alura-projetos\linguagens-api\target\classes;C:\Users\jorge\.m2\repository\org\springframework\boot\spring-boot-starter-web\3.0.0-M3\spring-boot-starter-web-3.0.0-M3.jar;C:\Users\jorge\.m2\repository\org\springframework\boot\spring-boot-starter\3.0.0-M3\spring-boot-starter-3.0.0-M3.jar;C:\Users\jorge\.m2\repository\org\springframework\boot\spring-boot\3.0.0-M3\spring-boot-3.0.0-M3.jar;C:\Users\jorge\.m2\repository\org\springframework\boot\spring-boot-autoconfigure\3.0.0-M3\spring-boot-autoconfigure-3.0.0-M3.jar;C:\Users\jorge\.m2\repository\org\springframework\boot\spring-boot-starter-logging\3.0.0-M3\spring-boot-starter-logging-3.0.0-M3.jar;C:\Users\jorge\.m2\repository\ch\qos\logback\logback-classic\1.2.11\logback-classic-1.2.11.jar;C:\Users\jorge\.m2\repository\ch\qos\logback\logback-core\1.2.11\logback-core-1.2.11.jar;C:\Users\jorge\.m2\repository\org\apache\logging\log4j\log4j-to-slf4j\2.17.2\log4j-to-slf4j-2.17.2.jar;C:\Users\jorge\.m2\repository\org\apache\logging\log4j\log4j-api\2.17.2\log4j-api-2.17.2.jar;C:\Users\jorge\.m2\repository\org\slf4j\jul-to-slf4j\1.7.36\jul-to-slf4j-1.7.36.jar;C:\Users\jorge\.m2\repository\jakarta\annotation\jakarta.annotation-api\2.0.0\jakarta.annotation-api-2.0.0.jar;C:\Users\jorge\.m2\repository\org\yaml\snakeyaml\1.30\snakeyaml-1.30.jar;C:\Users\jorge\.m2\repository\org\springframework\boot\spring-boot-starter-json\3.0.0-M3\spring-boot-starter-json-3.0.0-M3.jar;C:\Users\jorge\.m2\repository\com\fasterxml\jackson\core\jackson-databind\2.13.3\jackson-databind-2.13.3.jar;C:\Users\jorge\.m2\repository\com\fasterxml\jackson\core\jackson-annotations\2.13.3\jackson-annotations-2.13.3.jar;C:\Users\jorge\.m2\repository\com\fasterxml\jackson\core\jackson-core\2.13.3\jackson-core-2.13.3.jar;C:\Users\jorge\.m2\repository\com\fasterxml\jackson\datatype\jackson-datatype-jdk8\2.13.3\jackson-datatype-jdk8-2.13.3.jar;C:\Users\jorge\.m2\repository\com\fasterxml\jackson\datatype\jackson-datatype-jsr310\2.13.3\jackson-datatype-jsr310-2.13.3.jar;C:\Users\jorge\.m2\repository\com\fasterxml\jackson\module\jackson-module-parameter-names\2.13.3\jackson-module-parameter-names-2.13.3.jar;C:\Users\jorge\.m2\repository\org\springframework\boot\spring-boot-starter-tomcat\3.0.0-M3\spring-boot-starter-tomcat-3.0.0-M3.jar;C:\Users\jorge\.m2\repository\org\apache\tomcat\embed\tomcat-embed-core\10.0.21\tomcat-embed-core-10.0.21.jar;C:\Users\jorge\.m2\repository\org\apache\tomcat\embed\tomcat-embed-el\10.0.21\tomcat-embed-el-10.0.21.jar;C:\Users\jorge\.m2\repository\org\apache\tomcat\embed\tomcat-embed-websocket\10.0.21\tomcat-embed-websocket-10.0.21.jar;C:\Users\jorge\.m2\repository\org\springframework\spring-web\6.0.0-M4\spring-web-6.0.0-M4.jar;C:\Users\jorge\.m2\repository\org\springframework\spring-beans\6.0.0-M4\spring-beans-6.0.0-M4.jar;C:\Users\jorge\.m2\repository\org\springframework\spring-webmvc\6.0.0-M4\spring-webmvc-6.0.0-M4.jar;C:\Users\jorge\.m2\repository\org\springframework\spring-aop\6.0.0-M4\spring-aop-6.0.0-M4.jar;C:\Users\jorge\.m2\repository\org\springframework\spring-context\6.0.0-M4\spring-context-6.0.0-M4.jar;C:\Users\jorge\.m2\repository\org\springframework\spring-expression\6.0.0-M4\spring-expression-6.0.0-M4.jar;C:\Users\jorge\.m2\repository\org\springframework\boot\spring-boot-starter-data-mongodb\3.0.0-M3\spring-boot-starter-data-mongodb-3.0.0-M3.jar;C:\Users\jorge\.m2\repository\org\mongodb\mongodb-driver-sync\4.6.0\mongodb-driver-sync-4.6.0.jar;C:\Users\jorge\.m2\repository\org\mongodb\bson\4.6.0\bson-4.6.0.jar;C:\Users\jorge\.m2\repository\org\mongodb\mongodb-driver-core\4.6.0\mongodb-driver-core-4.6.0.jar;C:\Users\jorge\.m2\repository\org\mongodb\bson-record-codec\4.6.0\bson-record-codec-4.6.0.jar;C:\Users\jorge\.m2\repository\org\springframework\data\spring-data-mongodb\4.0.0-M4\spring-data-mongodb-4.0.0-M4.jar;C:\Users\jorge\.m2\repository\org\springframework\spring-tx\6.0.0-M4\spring-tx-6.0.0-M4.jar;C:\Users\jorge\.m2\repository\org\springframework\data\spring-data-commons\3.0.0-M4\spring-data-commons-3.0.0-M4.jar;C:\Users\jorge\.m2\repository\org\slf4j\slf4j-api\1.7.36\slf4j-api-1.7.36.jar;C:\Users\jorge\.m2\repository\org\springframework\boot\spring-boot-starter-test\3.0.0-M3\spring-boot-starter-test-3.0.0-M3.jar;C:\Users\jorge\.m2\repository\org\springframework\boot\spring-boot-test\3.0.0-M3\spring-boot-test-3.0.0-M3.jar;C:\Users\jorge\.m2\repository\org\springframework\boot\spring-boot-test-autoconfigure\3.0.0-M3\spring-boot-test-autoconfigure-3.0.0-M3.jar;C:\Users\jorge\.m2\repository\com\jayway\jsonpath\json-path\2.7.0\json-path-2.7.0.jar;C:\Users\jorge\.m2\repository\net\minidev\json-smart\2.4.8\json-smart-2.4.8.jar;C:\Users\jorge\.m2\repository\net\minidev\accessors-smart\2.4.8\accessors-smart-2.4.8.jar;C:\Users\jorge\.m2\repository\org\ow2\asm\asm\9.1\asm-9.1.jar;C:\Users\jorge\.m2\repository\jakarta\xml\bind\jakarta.xml.bind-api\3.0.1\jakarta.xml.bind-api-3.0.1.jar;C:\Users\jorge\.m2\repository\com\sun\activation\jakarta.activation\2.0.1\jakarta.activation-2.0.1.jar;C:\Users\jorge\.m2\repository\org\assertj\assertj-core\3.22.0\assertj-core-3.22.0.jar;C:\Users\jorge\.m2\repository\org\hamcrest\hamcrest\2.2\hamcrest-2.2.jar;C:\Users\jorge\.m2\repository\org\junit\jupiter\junit-jupiter\5.8.2\junit-jupiter-5.8.2.jar;C:\Users\jorge\.m2\repository\org\junit\jupiter\junit-jupiter-api\5.8.2\junit-jupiter-api-5.8.2.jar;C:\Users\jorge\.m2\repository\org\opentest4j\opentest4j\1.2.0\opentest4j-1.2.0.jar;C:\Users\jorge\.m2\repository\org\junit\platform\junit-platform-commons\1.8.2\junit-platform-commons-1.8.2.jar;C:\Users\jorge\.m2\repository\org\apiguardian\apiguardian-api\1.1.2\apiguardian-api-1.1.2.jar;C:\Users\jorge\.m2\repository\org\junit\jupiter\junit-jupiter-params\5.8.2\junit-jupiter-params-5.8.2.jar;C:\Users\jorge\.m2\repository\org\junit\jupiter\junit-jupiter-engine\5.8.2\junit-jupiter-engine-5.8.2.jar;C:\Users\jorge\.m2\repository\org\junit\platform\junit-platform-engine\1.8.2\junit-platform-engine-1.8.2.jar;C:\Users\jorge\.m2\repository\org\mockito\mockito-core\4.5.1\mockito-core-4.5.1.jar;C:\Users\jorge\.m2\repository\net\bytebuddy\byte-buddy\1.12.10\byte-buddy-1.12.10.jar;C:\Users\jorge\.m2\repository\net\bytebuddy\byte-buddy-agent\1.12.10\byte-buddy-agent-1.12.10.jar;C:\Users\jorge\.m2\repository\org\objenesis\objenesis\3.2\objenesis-3.2.jar;C:\Users\jorge\.m2\repository\org\mockito\mockito-junit-jupiter\4.5.1\mockito-junit-jupiter-4.5.1.jar;C:\Users\jorge\.m2\repository\org\skyscreamer\jsonassert\1.5.0\jsonassert-1.5.0.jar;C:\Users\jorge\.m2\repository\com\vaadin\external\google\android-json\0.0.20131108.vaadin1\android-json-0.0.20131108.vaadin1.jar;C:\Users\jorge\.m2\repository\org\springframework\spring-core\6.0.0-M4\spring-core-6.0.0-M4.jar;C:\Users\jorge\.m2\repository\org\springframework\spring-jcl\6.0.0-M4\spring-jcl-6.0.0-M4.jar;C:\Users\jorge\.m2\repository\org\springframework\spring-test\6.0.0-M4\spring-test-6.0.0-M4.jar;C:\Users\jorge\.m2\repository\org\xmlunit\xmlunit-core\2.9.0\xmlunit-core-2.9.0.jar;"/>
    <property name="sun.cpu.endian" value="little"/>
    <property name="user.home" value="C:\Users\jorge"/>
    <property name="user.language" value="pt"/>
    <property name="java.specification.vendor" value="Oracle Corporation"/>
    <property name="java.version.date" value="2022-04-19"/>
    <property name="java.home" value="C:\Program Files\Java\zulu17.34.19-ca-jdk17.0.3-win_x64"/>
    <property name="file.separator" value="\"/>
    <property name="basedir" value="C:\Users\jorge\Desktop\Alura-projetos\linguagens-api"/>
    <property name="java.vm.compressedOopsMode" value="Zero based"/>
    <property name="line.separator" value="&#10;"/>
    <property name="java.vm.specification.vendor" value="Oracle Corporation"/>
    <property name="java.specification.name" value="Java Platform API Specification"/>
    <property name="surefire.real.class.path" value="C:\Users\jorge\AppData\Local\Temp\surefire9622792816943478088\surefirebooter9155026718740226923.jar"/>
    <property name="user.script" value=""/>
    <property name="sun.management.compiler" value="HotSpot 64-Bit Tiered Compilers"/>
    <property name="java.runtime.version" value="17.0.3+7-LTS"/>
    <property name="user.name" value="jorge"/>
    <property name="path.separator" value=";"/>
    <property name="os.version" value="10.0"/>
    <property name="java.runtime.name" value="OpenJDK Runtime Environment"/>
    <property name="file.encoding" value="Cp1252"/>
    <property name="java.vm.name" value="OpenJDK 64-Bit Server VM"/>
    <property name="java.vendor.version" value="Zulu17.34+19-CA"/>
    <property name="localRepository" value="C:\Users\jorge\.m2\repository"/>
    <property name="java.vendor.url.bug" value="http://www.azul.com/support/"/>
    <property name="java.io.tmpdir" value="C:\Users\jorge\AppData\Local\Temp\"/>
    <property name="java.version" value="17.0.3"/>
    <property name="user.dir" value="C:\Users\jorge\Desktop\Alura-projetos\linguagens-api"/>
    <property name="os.arch" value="amd64"/>
    <property name="java.vm.specification.name" value="Java Virtual Machine Specification"/>
    <property name="sun.os.patch.level" value=""/>
    <property name="native.encoding" value="Cp1252"/>
    <property name="java.library.path" value="C:\Program Files\Java\zulu17.34.19-ca-jdk17.0.3-win_x64\bin;C:\WINDOWS\Sun\Java\bin;C:\WINDOWS\system32;C:\WINDOWS;C:\Program Files\Microsoft MPI\Bin\;C:\Program Files\Java\zulu17.34.19-ca-jdk17.0.3-win_x64\bin;C:\Program Files\Java\jdk1.8.0_111;C:\Program Files\Common Files\Oracle\Java\javapath;C:\Program Files (x86)\Common Files\Oracle\Java\javapath;C:\Program Files (x86)\NVIDIA Corporation\PhysX\Common;C:\WINDOWS\system32;C:\WINDOWS;C:\WINDOWS\System32\Wbem;C:\WINDOWS\System32\WindowsPowerShell\v1.0\;C:\WINDOWS\System32\OpenSSH\;C:\Program Files\nodejs\;C:\Program Files\Java\zulu17.34.19-ca-jdk17.0.3-win_x64\bin;C:\Program Files\dotnet\;C:\Program Files\Microsoft SQL Server\130\Tools\Binn\;C:\Program Files\Docker\Docker\resources\bin;C:\ProgramData\DockerDesktop\version-bin;C:\Program Files\Java\jdk1.8.0_281\bin;C:\Program Files\Java\zulu11.48.21-ca-jdk11.0.11-win_x64\bin;C:\sqlite3;C:\Program Files\Git\cmd;C:\Program Files\MySQL\MySQL Shell 8.0\bin\;C:\Users\jorge\AppData\Local\Programs\Python\Python38\Scripts\;C:\Users\jorge\AppData\Local\Programs\Python\Python38\;C:\Users\jorge\AppData\Local\Microsoft\WindowsApps;C:\Users\jorge\AppData\Roaming\npm;C:\Program Files\heroku\bin;C:\Users\jorge\.dotnet\tools;C:\sqlite\sqlite3.exe;C:\Users\jorge\AppData\Local\Programs\Microsoft VS Code\bin;."/>
    <property name="java.vm.info" value="mixed mode, sharing"/>
    <property name="java.vendor" value="Azul Systems, Inc."/>
    <property name="java.vm.version" value="17.0.3+7-LTS"/>
    <property name="sun.io.unicode.encoding" value="UnicodeLittle"/>
    <property name="java.class.version" value="61.0"/>
  </properties>
  <testcase name="contextLoads" classname="br.com.alura.linguagens.api.LinguagensApiApplicationTests" time="1.281"/>
</testsuite>